# JRE version: Java(TM) SE Runtime Environment 18.9 (11.0.12+8) (build 11.0.12+8-LTS-237)
# Java VM: Java HotSpot(TM) 64-Bit Server VM 18.9 (11.0.12+8-LTS-237, mixed mode, tiered, compressed oops, g1 gc, bsd-amd64)
Heap:
 garbage-first heap   total 262144K, used 173367K [0x00000007e0000000, 0x0000000800000000)
  region size 1024K, 141 young (144384K), 8 survivors (8192K)
 Metaspace       used 54631K, capacity 56447K, committed 56624K, reserved 303104K
  class space    used 7061K, capacity 7741K, committed 7808K, reserved 253952K
GC Heap History (10 events):
Event: 2.104 GC heap after
{Heap after GC invocations=2 (full 0):
 garbage-first heap   total 262144K, used 15948K [0x00000007e0000000, 0x0000000800000000)
  region size 1024K, 11 young (11264K), 11 survivors (11264K)
 Metaspace       used 20666K, capacity 21180K, committed 21296K, reserved 274432K
  class space    used 2508K, capacity 2672K, committed 2688K, reserved 253952K
}
Event: 2.790 GC heap before
{Heap before GC invocations=3 (full 0):
 garbage-first heap   total 262144K, used 54860K [0x00000007e0000000, 0x0000000800000000)
  region size 1024K, 49 young (50176K), 11 survivors (11264K)
 Metaspace       used 25243K, capacity 25897K, committed 26288K, reserved 278528K
  class space    used 3233K, capacity 3458K, committed 3584K, reserved 253952K
}
Event: 2.810 GC heap after
{Heap after GC invocations=4 (full 0):
 garbage-first heap   total 262144K, used 17325K [0x00000007e0000000, 0x0000000800000000)
  region size 1024K, 2 young (2048K), 2 survivors (2048K)
 Metaspace       used 25243K, capacity 25897K, committed 26288K, reserved 278528K
  class space    used 3233K, capacity 3458K, committed 3584K, reserved 253952K
}
Event: 3.664 GC heap before
{Heap before GC invocations=4 (full 0):
 garbage-first heap   total 262144K, used 72621K [0x00000007e0000000, 0x0000000800000000)
  region size 1024K, 58 young (59392K), 2 survivors (2048K)
 Metaspace       used 34773K, capacity 35532K, committed 35888K, reserved 286720K
  class space    used 4450K, capacity 4711K, committed 4736K, reserved 253952K
}
Event: 3.669 GC heap after
{Heap after GC invocations=5 (full 0):
 garbage-first heap   total 262144K, used 20798K [0x00000007e0000000, 0x0000000800000000)
  region size 1024K, 6 young (6144K), 6 survivors (6144K)
 Metaspace       used 34773K, capacity 35532K, committed 35888K, reserved 286720K
  class space    used 4450K, capacity 4711K, committed 4736K, reserved 253952K
}
Event: 4.874 GC heap before
{Heap before GC invocations=6 (full 0):
 garbage-first heap   total 262144K, used 115006K [0x00000007e0000000, 0x0000000800000000)
  region size 1024K, 95 young (97280K), 6 survivors (6144K)
 Metaspace       used 43293K, capacity 44433K, committed 44720K, reserved 292864K
  class space    used 5506K, capacity 5838K, committed 5888K, reserved 253952K
}
Event: 4.888 GC heap after
{Heap after GC invocations=7 (full 0):
 garbage-first heap   total 262144K, used 26290K [0x00000007e0000000, 0x0000000800000000)
  region size 1024K, 11 young (11264K), 11 survivors (11264K)
 Metaspace       used 43293K, capacity 44433K, committed 44720K, reserved 292864K
  class space    used 5506K, capacity 5838K, committed 5888K, reserved 253952K
}
Event: 6.601 GC heap before
{Heap before GC invocations=7 (full 0):
 garbage-first heap   total 262144K, used 170674K [0x00000007e0000000, 0x0000000800000000)
  region size 1024K, 153 young (156672K), 11 survivors (11264K)
 Metaspace       used 52185K, capacity 53936K, committed 54192K, reserved 301056K
  class space    used 6819K, capacity 7408K, committed 7424K, reserved 253952K
}
Event: 6.624 GC heap after
{Heap after GC invocations=8 (full 0):
 garbage-first heap   total 262144K, used 37175K [0x00000007e0000000, 0x0000000800000000)
  region size 1024K, 20 young (20480K), 20 survivors (20480K)
 Metaspace       used 52185K, capacity 53936K, committed 54192K, reserved 301056K
  class space    used 6819K, capacity 7408K, committed 7424K, reserved 253952K
}
Event: 7.930 GC heap before
{Heap before GC invocations=8 (full 0):
 garbage-first heap   total 262144K, used 173367K [0x00000007e0000000, 0x0000000800000000)
  region size 1024K, 153 young (156672K), 20 survivors (20480K)
 Metaspace       used 54631K, capacity 56447K, committed 56624K, reserved 303104K
  class space    used 7061K, capacity 7741K, committed 7808K, reserved 253952K
}

